<?xml version="1.0" encoding="UTF-8"?>
<!-- Generated by org.testng.reporters.JUnitXMLReporter -->
<testsuite ignored="0" hostname="DESKTOP-JMANE54" failures="1" tests="2" name="Test" time="9.776" errors="0" timestamp="2022-05-22T13:43:02 EDT">
  <testcase classname="pack.NewTest" name="testEasy" time="3.546">
    <failure type="java.lang.AssertionError">
      <![CDATA[java.lang.AssertionError: 
at pack.NewTest.testEasy(NewTest.java:23)
at java.base/java.util.ArrayList.forEach(ArrayList.java:1541)
... Removed 34 stack frames]]>
    </failure>
  </testcase> <!-- testEasy -->
  <testcase classname="pack.NewTest" name="testThialy" time="1.829"/>
</testsuite> <!-- Test -->
