<?xml version="1.0" encoding="UTF-8"?>
<testng-results ignored="0" total="1" passed="1" failed="0" skipped="0">
  <reporter-output>
  </reporter-output>
  <suite started-at="2022-05-21T21:27:07 EDT" name="Default suite" finished-at="2022-05-21T21:27:15 EDT" duration-ms="8610">
    <groups>
    </groups>
    <test started-at="2022-05-21T21:27:07 EDT" name="Default test" finished-at="2022-05-21T21:27:15 EDT" duration-ms="8610">
      <class name="pack.NewTest">
        <test-method is-config="true" signature="beforeTest()[pri:0, instance:pack.NewTest@194bcebf]" started-at="2022-05-21T21:27:07 EDT" name="beforeTest" finished-at="2022-05-21T21:27:10 EDT" duration-ms="3461" status="PASS">
          <reporter-output>
          </reporter-output>
        </test-method> <!-- beforeTest -->
        <test-method signature="testEasy()[pri:0, instance:pack.NewTest@194bcebf]" started-at="2022-05-21T21:27:10 EDT" name="testEasy" finished-at="2022-05-21T21:27:15 EDT" duration-ms="4376" status="PASS">
          <reporter-output>
          </reporter-output>
        </test-method> <!-- testEasy -->
        <test-method is-config="true" signature="afterTest()[pri:0, instance:pack.NewTest@194bcebf]" started-at="2022-05-21T21:27:15 EDT" name="afterTest" finished-at="2022-05-21T21:27:15 EDT" duration-ms="735" status="PASS">
          <reporter-output>
          </reporter-output>
        </test-method> <!-- afterTest -->
      </class> <!-- pack.NewTest -->
    </test> <!-- Default test -->
  </suite> <!-- Default suite -->
</testng-results>
